Loaded dependency [gcc/6.3.0]: binutils
Loaded module: gcc/6.3.0
Loaded module: studio/12u5
Loaded module: python3/3.6.0
CPU information
Architecture:          x86_64
CPU op-mode(s):        32-bit, 64-bit
Byte Order:            Little Endian
CPU(s):                24
On-line CPU(s) list:   0-23
Thread(s) per core:    1
Core(s) per socket:    12
Socket(s):             2
NUMA node(s):          2
Vendor ID:             GenuineIntel
CPU family:            6
Model:                 79
Model name:            Intel(R) Xeon(R) CPU E5-2650 v4 @ 2.20GHz
Stepping:              1
CPU MHz:               1299.546
BogoMIPS:              4400.61
Virtualization:        VT-x
L1d cache:             32K
L1i cache:             32K
L2 cache:              256K
L3 cache:              30720K
NUMA node0 CPU(s):     0-11
NUMA node1 CPU(s):     12-23
\nnow ready for performance test\n
matmult_c.gcc nat
Creating experiment database ./analysis/test.nat.1.er (Process ID: 30489) ...
    58.594   1332.623 0 # matmult_nat
name test.nat.1.er is in use; changed to test.nat.2.er
Creating experiment database ./analysis/test.nat.2.er (Process ID: 30496) ...
 16933.594   1127.835 0 # matmult_nat
name test.nat.1.er is in use; changed to test.nat.3.er
Creating experiment database ./analysis/test.nat.3.er (Process ID: 30528) ...
 60000.000    753.266 0 # matmult_nat
./analysis/test.nat.1.er: Experiment has warnings, see header for details
./analysis/test.nat.2.er: Experiment has warnings, see header for details
./analysis/test.nat.3.er: Experiment has warnings, see header for details
Now file: ./analysis_out/test.nat.1.734775.txt
Now file: ./analysis_out/test.nat.2.734775.txt
Now file: ./analysis_out/test.nat.3.734775.txt
File created: ./analysis_out/test.nat.734775.txt
matmult_c.gcc lib
Creating experiment database ./analysis/test.lib.1.er (Process ID: 30809) ...
    58.594   5980.861 0 # matmult_lib
name test.lib.1.er is in use; changed to test.lib.2.er
Creating experiment database ./analysis/test.lib.2.er (Process ID: 30815) ...
 16933.594   9207.030 0 # matmult_lib
name test.lib.1.er is in use; changed to test.lib.3.er
Creating experiment database ./analysis/test.lib.3.er (Process ID: 30833) ...
 60000.000   9539.371 0 # matmult_lib
./analysis/test.lib.1.er: Experiment has warnings, see header for details
./analysis/test.lib.2.er: Experiment has warnings, see header for details
./analysis/test.lib.3.er: Experiment has warnings, see header for details
Now file: ./analysis_out/test.lib.1.734775.txt
Now file: ./analysis_out/test.lib.2.734775.txt
Now file: ./analysis_out/test.lib.3.734775.txt
File created: ./analysis_out/test.lib.734775.txt
matmult_c.gcc blk36
Creating experiment database ./analysis/test.blk36.1.er (Process ID: 30861) ...
    58.594   1530.925 0 # matmult_blk 36
name test.blk36.1.er is in use; changed to test.blk36.2.er
Creating experiment database ./analysis/test.blk36.2.er (Process ID: 30867) ...
 16933.594   1567.337 0 # matmult_blk 36
name test.blk36.1.er is in use; changed to test.blk36.3.er
Creating experiment database ./analysis/test.blk36.3.er (Process ID: 30886) ...
 60000.000   1570.938 0 # matmult_blk 36
./analysis/test.blk36.1.er: Experiment has warnings, see header for details
./analysis/test.blk36.2.er: Experiment has warnings, see header for details
./analysis/test.blk36.3.er: Experiment has warnings, see header for details
Now file: ./analysis_out/test.blk36.1.734775.txt
Now file: ./analysis_out/test.blk36.2.734775.txt
Now file: ./analysis_out/test.blk36.3.734775.txt
File created: ./analysis_out/test.blk36.734775.txt
matmult_c.gcc blk103
Creating experiment database ./analysis/test.blk103.1.er (Process ID: 30991) ...
    58.594   1372.119 0 # matmult_blk 103
name test.blk103.1.er is in use; changed to test.blk103.2.er
Creating experiment database ./analysis/test.blk103.2.er (Process ID: 30997) ...
 16933.594   1473.981 0 # matmult_blk 103
name test.blk103.1.er is in use; changed to test.blk103.3.er
Creating experiment database ./analysis/test.blk103.3.er (Process ID: 31015) ...
 60000.000   1473.464 0 # matmult_blk 103
./analysis/test.blk103.1.er: Experiment has warnings, see header for details
./analysis/test.blk103.2.er: Experiment has warnings, see header for details
./analysis/test.blk103.3.er: Experiment has warnings, see header for details
Now file: ./analysis_out/test.blk103.1.734775.txt
Now file: ./analysis_out/test.blk103.2.734775.txt
Now file: ./analysis_out/test.blk103.3.734775.txt
File created: ./analysis_out/test.blk103.734775.txt
matmult_c.gcc blk1103
Creating experiment database ./analysis/test.blk1103.1.er (Process ID: 31163) ...
    58.594   1365.374 0 # matmult_blk 1103
name test.blk1103.1.er is in use; changed to test.blk1103.2.er
Creating experiment database ./analysis/test.blk1103.2.er (Process ID: 31169) ...
 16933.594   1627.507 0 # matmult_blk 1103
name test.blk1103.1.er is in use; changed to test.blk1103.3.er
Creating experiment database ./analysis/test.blk1103.3.er (Process ID: 31194) ...
 60000.000   1608.273 0 # matmult_blk 1103
./analysis/test.blk1103.1.er: Experiment has warnings, see header for details
./analysis/test.blk1103.2.er: Experiment has warnings, see header for details
./analysis/test.blk1103.3.er: Experiment has warnings, see header for details
Now file: ./analysis_out/test.blk1103.1.734775.txt
Now file: ./analysis_out/test.blk1103.2.734775.txt
Now file: ./analysis_out/test.blk1103.3.734775.txt
File created: ./analysis_out/test.blk1103.734775.txt
matmult_c.gcc mkn
Creating experiment database ./analysis/test.mkn.1.er (Process ID: 31305) ...
    58.594   3980.892 0 # matmult_mkn
name test.mkn.1.er is in use; changed to test.mkn.2.er
Creating experiment database ./analysis/test.mkn.2.er (Process ID: 31311) ...
 16933.594   4316.804 0 # matmult_mkn
name test.mkn.1.er is in use; changed to test.mkn.3.er
Creating experiment database ./analysis/test.mkn.3.er (Process ID: 31322) ...
 60000.000   4458.149 0 # matmult_mkn
./analysis/test.mkn.1.er: Experiment has warnings, see header for details
./analysis/test.mkn.2.er: Experiment has warnings, see header for details
./analysis/test.mkn.3.er: Experiment has warnings, see header for details
Now file: ./analysis_out/test.mkn.1.734775.txt
Now file: ./analysis_out/test.mkn.2.734775.txt
Now file: ./analysis_out/test.mkn.3.734775.txt
File created: ./analysis_out/test.mkn.734775.txt
matmult_c.gcc nmk
Creating experiment database ./analysis/test.nmk.1.er (Process ID: 31374) ...
    58.594   1152.605 0 # matmult_nmk
name test.nmk.1.er is in use; changed to test.nmk.2.er
Creating experiment database ./analysis/test.nmk.2.er (Process ID: 31380) ...
 16933.594   1335.433 0 # matmult_nmk
name test.nmk.1.er is in use; changed to test.nmk.3.er
Creating experiment database ./analysis/test.nmk.3.er (Process ID: 31406) ...
 60000.000    698.261 0 # matmult_nmk
./analysis/test.nmk.1.er: Experiment has warnings, see header for details
./analysis/test.nmk.2.er: Experiment has warnings, see header for details
./analysis/test.nmk.3.er: Experiment has warnings, see header for details
Now file: ./analysis_out/test.nmk.1.734775.txt
Now file: ./analysis_out/test.nmk.2.734775.txt
Now file: ./analysis_out/test.nmk.3.734775.txt
File created: ./analysis_out/test.nmk.734775.txt
matmult_c.gcc nkm
Creating experiment database ./analysis/test.nkm.1.er (Process ID: 31658) ...
    58.594   1444.252 0 # matmult_nkm
name test.nkm.1.er is in use; changed to test.nkm.2.er
Creating experiment database ./analysis/test.nkm.2.er (Process ID: 31664) ...
 16933.594    575.701 0 # matmult_nkm
name test.nkm.1.er is in use; changed to test.nkm.3.er
Creating experiment database ./analysis/test.nkm.3.er (Process ID: 31706) ...
 60000.000    355.437 0 # matmult_nkm
./analysis/test.nkm.1.er: Experiment has warnings, see header for details
./analysis/test.nkm.2.er: Experiment has warnings, see header for details
./analysis/test.nkm.3.er: Experiment has warnings, see header for details
Now file: ./analysis_out/test.nkm.1.734775.txt
Now file: ./analysis_out/test.nkm.2.734775.txt
Now file: ./analysis_out/test.nkm.3.734775.txt
File created: ./analysis_out/test.nkm.734775.txt
matmult_c.gcc mnk
Creating experiment database ./analysis/test.mnk.1.er (Process ID: 32099) ...
    58.594   1586.294 0 # matmult_mnk
name test.mnk.1.er is in use; changed to test.mnk.2.er
Creating experiment database ./analysis/test.mnk.2.er (Process ID: 32105) ...
 16933.594   1161.187 0 # matmult_mnk
name test.mnk.1.er is in use; changed to test.mnk.3.er
Creating experiment database ./analysis/test.mnk.3.er (Process ID: 32141) ...
 60000.000    750.957 0 # matmult_mnk
./analysis/test.mnk.1.er: Experiment has warnings, see header for details
./analysis/test.mnk.2.er: Experiment has warnings, see header for details
./analysis/test.mnk.3.er: Experiment has warnings, see header for details
Now file: ./analysis_out/test.mnk.1.734775.txt
Now file: ./analysis_out/test.mnk.2.734775.txt
Now file: ./analysis_out/test.mnk.3.734775.txt
File created: ./analysis_out/test.mnk.734775.txt
matmult_c.gcc knm
Creating experiment database ./analysis/test.knm.1.er (Process ID: 32342) ...
    58.594    850.919 0 # matmult_knm
name test.knm.1.er is in use; changed to test.knm.2.er
Creating experiment database ./analysis/test.knm.2.er (Process ID: 32348) ...
 16933.594    572.436 0 # matmult_knm
name test.knm.1.er is in use; changed to test.knm.3.er
Creating experiment database ./analysis/test.knm.3.er (Process ID: 32393) ...
 60000.000    355.223 0 # matmult_knm
./analysis/test.knm.1.er: Experiment has warnings, see header for details
./analysis/test.knm.2.er: Experiment has warnings, see header for details
./analysis/test.knm.3.er: Experiment has warnings, see header for details
Now file: ./analysis_out/test.knm.1.734775.txt
Now file: ./analysis_out/test.knm.2.734775.txt
Now file: ./analysis_out/test.knm.3.734775.txt
File created: ./analysis_out/test.knm.734775.txt
matmult_c.gcc kmn
Creating experiment database ./analysis/test.kmn.1.er (Process ID: 343) ...
    58.594   3805.175 0 # matmult_kmn
name test.kmn.1.er is in use; changed to test.kmn.2.er
Creating experiment database ./analysis/test.kmn.2.er (Process ID: 349) ...
 16933.594   3909.727 0 # matmult_kmn
name test.kmn.1.er is in use; changed to test.kmn.3.er
Creating experiment database ./analysis/test.kmn.3.er (Process ID: 367) ...
 60000.000   3997.004 0 # matmult_kmn
./analysis/test.kmn.1.er: Experiment has warnings, see header for details
./analysis/test.kmn.2.er: Experiment has warnings, see header for details
./analysis/test.kmn.3.er: Experiment has warnings, see header for details
Now file: ./analysis_out/test.kmn.1.734775.txt
Now file: ./analysis_out/test.kmn.2.734775.txt
Now file: ./analysis_out/test.kmn.3.734775.txt
File created: ./analysis_out/test.kmn.734775.txt
\n end of performance test\n

------------------------------------------------------------
Sender: LSF System <lsfadmin@n-62-21-97>
Subject: Job 734775: <project_1> in cluster <dcc> Done

Job <project_1> was submitted from host <hpclogin3> by user <s160159> in cluster <dcc> at Sat Jan  6 08:20:18 2018.
Job was executed on host(s) <n-62-21-97>, in queue <hpcintro>, as user <s160159> in cluster <dcc> at Sat Jan  6 08:20:18 2018.
</zhome/d4/8/112215> was used as the home directory.
</zhome/d4/8/112215/Documents/HPC/projects/assign_1> was used as the working directory.
Started at Sat Jan  6 08:20:18 2018.
Terminated at Sat Jan  6 08:40:36 2018.
Results reported at Sat Jan  6 08:40:36 2018.

Your job looked like:

------------------------------------------------------------
# LSBATCH: User input
#!/bin/bash

filename='project_1'

## cluster setup
#BSUB -J project_1
#BSUB -o project_1%J.out
#BSUB -q hpcintro
## set wall time hh:mm
#BSUB -W 10:30 
#BSUB -R "rusage[mem=2048MB]"
## set number of cores
#BSUB -n 1

##  load modules
module load gcc
module load studio
module load python3/3.6.0
## module load studio

## print test environment
echo "CPU information"
lscpu


## delete pre analysis
rm -fr analysis/*

export MFLOPS_MAX_IT=10

arr=(50 850 1600)

echo "\nnow ready for performance test\n"
echo "matmult_c.gcc nat"
for i in "${arr[@]}"
do
    collect -o ./analysis/test.nat.1.er -p on -S on -h dch -h dcm -h l2h -h l2m matmult_c.gcc nat $i $i $i
done
er_print -func ./analysis/test.nat.1.er > ./analysis_out/test.nat.1.$LSB_JOBID.txt
er_print -func ./analysis/test.nat.2.er > ./analysis_out/test.nat.2.$LSB_JOBID.txt
er_print -func ./analysis/test.nat.3.er > ./analysis_out/test.nat.3.$LSB_JOBID.txt
python3 get_analysis.py ./analysis_out/test.nat $LSB_JOBID matmult_nat 3

echo "matmult_c.gcc lib"
for i in "${arr[@]}"
do
    collect -o ./analysis/test.lib.1.er -p on -S on -h dch -h dcm -h l2h -h l2m matmult_c.gcc lib $i $i $i
done
er_print -func ./analysis/test.lib.1.er > ./analysis_out/test.lib.1.$LSB_JOBID.txt
er_print -func ./analysis/test.lib.2.er > ./analysis_out/test.lib.2.$LSB_JOBID.txt

(... more ...)
------------------------------------------------------------

Successfully completed.

Resource usage summary:

    CPU time :                                   1129.28 sec.
    Max Memory :                                 114 MB
    Average Memory :                             104.66 MB
    Total Requested Memory :                     2048.00 MB
    Delta Memory :                               1934.00 MB
    Max Swap :                                   -
    Max Processes :                              4
    Max Threads :                                5
    Run time :                                   1218 sec.
    Turnaround time :                            1218 sec.

The output (if any) is above this job summary.

